{"level":"error","message":"Database sync failed: getaddrinfo ENOTFOUND dpg-d0eoa3p5pdvs73asuobg-a.oregon-postgres.render.com","stack":"SequelizeHostNotFoundError: getaddrinfo ENOTFOUND dpg-d0eoa3p5pdvs73asuobg-a.oregon-postgres.render.com\n    at Client._connectionCallback (C:\\Users\\svasu\\OneDrive\\Desktop\\oak\\node_modules\\sequelize\\lib\\dialects\\postgres\\connection-manager.js:136:24)\n    at Client._handleErrorWhileConnecting (C:\\Users\\svasu\\OneDrive\\Desktop\\oak\\node_modules\\pg\\lib\\client.js:336:19)\n    at Client._handleErrorEvent (C:\\Users\\svasu\\OneDrive\\Desktop\\oak\\node_modules\\pg\\lib\\client.js:346:19)\n    at Connection.emit (node:events:517:28)\n    at Socket.reportStreamError (C:\\Users\\svasu\\OneDrive\\Desktop\\oak\\node_modules\\pg\\lib\\connection.js:57:12)\n    at Socket.emit (node:events:517:28)\n    at emitErrorNT (node:internal/streams/destroy:151:8)\n    at emitErrorCloseNT (node:internal/streams/destroy:116:3)\n    at process.processTicksAndRejections (node:internal/process/task_queues:82:21)","timestamp":"2025-05-16T14:51:37.941Z"}
{"level":"error","message":"Database sync failed: getaddrinfo ENOTFOUND dpg-d0eoa3p5pdvs73asuobg-a.oregon-postgres.render.com","stack":"SequelizeHostNotFoundError: getaddrinfo ENOTFOUND dpg-d0eoa3p5pdvs73asuobg-a.oregon-postgres.render.com\n    at Client._connectionCallback (C:\\Users\\svasu\\OneDrive\\Desktop\\oak\\node_modules\\sequelize\\lib\\dialects\\postgres\\connection-manager.js:136:24)\n    at Client._handleErrorWhileConnecting (C:\\Users\\svasu\\OneDrive\\Desktop\\oak\\node_modules\\pg\\lib\\client.js:336:19)\n    at Client._handleErrorEvent (C:\\Users\\svasu\\OneDrive\\Desktop\\oak\\node_modules\\pg\\lib\\client.js:346:19)\n    at Connection.emit (node:events:517:28)\n    at Socket.reportStreamError (C:\\Users\\svasu\\OneDrive\\Desktop\\oak\\node_modules\\pg\\lib\\connection.js:57:12)\n    at Socket.emit (node:events:517:28)\n    at emitErrorNT (node:internal/streams/destroy:151:8)\n    at emitErrorCloseNT (node:internal/streams/destroy:116:3)\n    at process.processTicksAndRejections (node:internal/process/task_queues:82:21)","timestamp":"2025-05-16T14:52:37.642Z"}
{"level":"error","message":"Error fetching offers: column \"created_at\" does not exist","timestamp":"2025-05-17T16:07:22.229Z"}
{"level":"error","message":"Error fetching offers: column \"created_at\" does not exist","timestamp":"2025-05-17T16:07:33.433Z"}
{"level":"error","message":"Error fetching offers: column \"created_at\" does not exist","timestamp":"2025-05-17T16:08:57.100Z"}
{"level":"error","message":"Error fetching offers: column \"created_at\" does not exist","timestamp":"2025-05-17T16:10:15.554Z"}
{"level":"error","message":"Error fetching offers: column \"created_at\" does not exist","timestamp":"2025-05-17T16:15:51.486Z"}
{"level":"error","message":"Error fetching offers: column \"created_at\" does not exist","timestamp":"2025-05-17T16:15:52.081Z"}
{"level":"error","message":"Error sending SMS: Invalid SMS_API_URL: your_sms_api_url","timestamp":"2025-05-17T16:16:29.032Z"}
{"level":"error","message":"Error deleting offer image: ENOENT: no such file or directory, unlink 'C:\\Users\\svasu\\OneDrive\\Desktop\\oak\\Uploads\\https:\\images.unsplash.com\\photo-1513106580091-1d82408b8cd6'","timestamp":"2025-05-17T16:18:08.381Z"}
{"level":"error","message":"Error adding service: Cannot read properties of undefined (reading 'image')","timestamp":"2025-05-17T16:19:13.198Z"}
{"level":"error","message":"Error adding service: Cannot read properties of undefined (reading 'image')","timestamp":"2025-05-17T16:19:18.291Z"}
{"level":"error","message":"Error adding service: Cannot read properties of undefined (reading 'image')","timestamp":"2025-05-17T16:22:29.004Z"}
{"level":"error","message":"Error deleting offer image: ENOENT: no such file or directory, unlink 'C:\\Users\\svasu\\OneDrive\\Desktop\\oak\\Uploads\\https:\\images.unsplash.com\\photo-1565299624946-b28f40a0ae38'","timestamp":"2025-05-17T16:25:03.165Z"}
{"level":"error","message":"Error sending SMS: Invalid SMS_API_URL: your_sms_api_url","timestamp":"2025-05-17T16:31:39.665Z"}
{"level":"error","message":"Error sending SMS: Invalid SMS_API_URL: your_sms_api_url","timestamp":"2025-05-17T16:36:31.442Z"}
{"level":"error","message":"Error sending SMS: Invalid SMS_API_URL: your_sms_api_url","timestamp":"2025-05-17T16:36:55.735Z"}
{"level":"error","message":"Error sending SMS: Invalid SMS_API_URL: your_sms_api_url","timestamp":"2025-05-17T16:36:59.033Z"}
{"level":"error","message":"Error adding service: Cannot read properties of undefined (reading 'image')","timestamp":"2025-05-17T16:37:21.691Z"}
{"level":"error","message":"Error updating offer: invalid input syntax for type integer: \"undefined\"","timestamp":"2025-05-17T16:37:56.499Z"}
{"level":"error","message":"Error updating offer: invalid input syntax for type integer: \"undefined\"","timestamp":"2025-05-17T16:37:57.362Z"}
{"level":"error","message":"Token verification error: jwt expired","timestamp":"2025-05-17T16:49:46.685Z"}
